<?xml version="1.0" encoding="UTF-8"?>
<testng-results ignored="0" total="3" passed="2" failed="1" skipped="0">
  <reporter-output>
  </reporter-output>
  <suite started-at="2021-07-29T12:53:29 IST" name="Default suite" finished-at="2021-07-29T12:54:11 IST" duration-ms="42557">
    <groups>
    </groups>
    <test started-at="2021-07-29T12:53:29 IST" name="Default test" finished-at="2021-07-29T12:54:11 IST" duration-ms="42557">
      <class name="extentReportingDemo.NopCommerceTest">
        <test-method is-config="true" signature="setExtent()[pri:0, instance:extentReportingDemo.NopCommerceTest@6f46426d]" started-at="2021-07-29T12:53:29 IST" name="setExtent" finished-at="2021-07-29T12:53:29 IST" duration-ms="472" status="PASS">
          <reporter-output>
          </reporter-output>
        </test-method> <!-- setExtent -->
        <test-method is-config="true" signature="setup()[pri:0, instance:extentReportingDemo.NopCommerceTest@6f46426d]" started-at="2021-07-29T12:53:29 IST" name="setup" finished-at="2021-07-29T12:53:44 IST" duration-ms="14508" status="PASS">
          <reporter-output>
          </reporter-output>
        </test-method> <!-- setup -->
        <test-method signature="nopCommerceLoginTest()[pri:0, instance:extentReportingDemo.NopCommerceTest@6f46426d]" started-at="2021-07-29T12:53:44 IST" name="nopCommerceLoginTest" finished-at="2021-07-29T12:53:44 IST" duration-ms="37" status="FAIL">
          <exception class="java.lang.AssertionError">
            <message>
              <![CDATA[expected [true] but found [false]]]>
            </message>
            <full-stacktrace>
              <![CDATA[java.lang.AssertionError: expected [true] but found [false]
at org.testng.Assert.fail(Assert.java:99)
at org.testng.Assert.failNotEquals(Assert.java:1037)
at org.testng.Assert.assertTrue(Assert.java:45)
at org.testng.Assert.assertTrue(Assert.java:55)
at extentReportingDemo.NopCommerceTest.nopCommerceLoginTest(NopCommerceTest.java:95)
at java.base/jdk.internal.reflect.NativeMethodAccessorImpl.invoke0(Native Method)
at java.base/jdk.internal.reflect.NativeMethodAccessorImpl.invoke(NativeMethodAccessorImpl.java:78)
at java.base/jdk.internal.reflect.DelegatingMethodAccessorImpl.invoke(DelegatingMethodAccessorImpl.java:43)
at java.base/java.lang.reflect.Method.invoke(Method.java:567)
at org.testng.internal.MethodInvocationHelper.invokeMethod(MethodInvocationHelper.java:133)
at org.testng.internal.TestInvoker.invokeMethod(TestInvoker.java:598)
at org.testng.internal.TestInvoker.invokeTestMethod(TestInvoker.java:173)
at org.testng.internal.MethodRunner.runInSequence(MethodRunner.java:46)
at org.testng.internal.TestInvoker$MethodInvocationAgent.invoke(TestInvoker.java:824)
at org.testng.internal.TestInvoker.invokeTestMethods(TestInvoker.java:146)
at org.testng.internal.TestMethodWorker.invokeTestMethods(TestMethodWorker.java:146)
at org.testng.internal.TestMethodWorker.run(TestMethodWorker.java:128)
at java.base/java.util.ArrayList.forEach(ArrayList.java:1511)
at org.testng.TestRunner.privateRun(TestRunner.java:794)
at org.testng.TestRunner.run(TestRunner.java:596)
at org.testng.SuiteRunner.runTest(SuiteRunner.java:377)
at org.testng.SuiteRunner.runSequentially(SuiteRunner.java:371)
at org.testng.SuiteRunner.privateRun(SuiteRunner.java:332)
at org.testng.SuiteRunner.run(SuiteRunner.java:276)
at org.testng.SuiteRunnerWorker.runSuite(SuiteRunnerWorker.java:53)
at org.testng.SuiteRunnerWorker.run(SuiteRunnerWorker.java:96)
at org.testng.TestNG.runSuitesSequentially(TestNG.java:1212)
at org.testng.TestNG.runSuitesLocally(TestNG.java:1134)
at org.testng.TestNG.runSuites(TestNG.java:1063)
at org.testng.TestNG.run(TestNG.java:1031)
at org.testng.remote.AbstractRemoteTestNG.run(AbstractRemoteTestNG.java:115)
at org.testng.remote.RemoteTestNG.initAndRun(RemoteTestNG.java:251)
at org.testng.remote.RemoteTestNG.main(RemoteTestNG.java:77)
]]>
            </full-stacktrace>
          </exception> <!-- java.lang.AssertionError -->
          <reporter-output>
          </reporter-output>
        </test-method> <!-- nopCommerceLoginTest -->
        <test-method is-config="true" signature="teardown(org.testng.ITestResult)[pri:0, instance:extentReportingDemo.NopCommerceTest@6f46426d]" started-at="2021-07-29T12:53:44 IST" name="teardown" finished-at="2021-07-29T12:53:45 IST" duration-ms="1107" status="PASS">
          <params>
            <param index="0">
              <value>
                <![CDATA[[TestResult name=nopCommerceLoginTest status=FAILURE method=NopCommerceTest.nopCommerceLoginTest()[pri:0, instance:extentReportingDemo.NopCommerceTest@6f46426d] output={null}]]]>
              </value>
            </param>
          </params>
          <reporter-output>
          </reporter-output>
        </test-method> <!-- teardown -->
        <test-method is-config="true" signature="setup()[pri:0, instance:extentReportingDemo.NopCommerceTest@6f46426d]" started-at="2021-07-29T12:53:45 IST" name="setup" finished-at="2021-07-29T12:53:57 IST" duration-ms="11513" status="PASS">
          <reporter-output>
          </reporter-output>
        </test-method> <!-- setup -->
        <test-method signature="nopCommerceLogoTest()[pri:0, instance:extentReportingDemo.NopCommerceTest@6f46426d]" started-at="2021-07-29T12:53:57 IST" name="nopCommerceLogoTest" finished-at="2021-07-29T12:53:57 IST" duration-ms="148" status="PASS">
          <reporter-output>
          </reporter-output>
        </test-method> <!-- nopCommerceLogoTest -->
        <test-method is-config="true" signature="teardown(org.testng.ITestResult)[pri:0, instance:extentReportingDemo.NopCommerceTest@6f46426d]" started-at="2021-07-29T12:53:57 IST" name="teardown" finished-at="2021-07-29T12:53:58 IST" duration-ms="713" status="PASS">
          <params>
            <param index="0">
              <value>
                <![CDATA[[TestResult name=nopCommerceLogoTest status=SUCCESS method=NopCommerceTest.nopCommerceLogoTest()[pri:0, instance:extentReportingDemo.NopCommerceTest@6f46426d] output={null}]]]>
              </value>
            </param>
          </params>
          <reporter-output>
          </reporter-output>
        </test-method> <!-- teardown -->
        <test-method is-config="true" signature="setup()[pri:0, instance:extentReportingDemo.NopCommerceTest@6f46426d]" started-at="2021-07-29T12:53:58 IST" name="setup" finished-at="2021-07-29T12:54:10 IST" duration-ms="12072" status="PASS">
          <reporter-output>
          </reporter-output>
        </test-method> <!-- setup -->
        <test-method signature="nopCommerceTitleTest()[pri:0, instance:extentReportingDemo.NopCommerceTest@6f46426d]" started-at="2021-07-29T12:54:10 IST" name="nopCommerceTitleTest" finished-at="2021-07-29T12:54:10 IST" duration-ms="22" status="PASS">
          <reporter-output>
          </reporter-output>
        </test-method> <!-- nopCommerceTitleTest -->
        <test-method is-config="true" signature="teardown(org.testng.ITestResult)[pri:0, instance:extentReportingDemo.NopCommerceTest@6f46426d]" started-at="2021-07-29T12:54:10 IST" name="teardown" finished-at="2021-07-29T12:54:11 IST" duration-ms="898" status="PASS">
          <params>
            <param index="0">
              <value>
                <![CDATA[[TestResult name=nopCommerceTitleTest status=SUCCESS method=NopCommerceTest.nopCommerceTitleTest()[pri:0, instance:extentReportingDemo.NopCommerceTest@6f46426d] output={null}]]]>
              </value>
            </param>
          </params>
          <reporter-output>
          </reporter-output>
        </test-method> <!-- teardown -->
        <test-method is-config="true" signature="endReport()[pri:0, instance:extentReportingDemo.NopCommerceTest@6f46426d]" started-at="2021-07-29T12:54:11 IST" name="endReport" finished-at="2021-07-29T12:54:11 IST" duration-ms="926" status="PASS">
          <reporter-output>
          </reporter-output>
        </test-method> <!-- endReport -->
      </class> <!-- extentReportingDemo.NopCommerceTest -->
    </test> <!-- Default test -->
  </suite> <!-- Default suite -->
</testng-results>
