<?xml version="1.0" encoding="UTF-8"?>
<!-- Generated by org.testng.reporters.JUnitXMLReporter -->
<testsuite ignored="0" hostname="Utpal-PC" failures="1" tests="3" name="TestOne" time="61.598" errors="0" timestamp="2021-07-29T12:44:00 IST">
  <testcase classname="extentReportingDemo.NopCommerceTest" name="nopCommerceLoginTest" time="0.068">
    <failure type="java.lang.AssertionError" message="expected [true] but found [false]">
      <![CDATA[java.lang.AssertionError: expected [true] but found [false]
at extentReportingDemo.NopCommerceTest.nopCommerceLoginTest(NopCommerceTest.java:94)
at java.base/java.util.ArrayList.forEach(ArrayList.java:1511)
... Removed 31 stack frames]]>
    </failure>
  </testcase> <!-- nopCommerceLoginTest -->
  <testcase classname="extentReportingDemo.NopCommerceTest" name="nopCommerceLogoTest" time="0.305"/>
  <testcase classname="extentReportingDemo.NopCommerceTest" name="nopCommerceTitleTest" time="0.016"/>
</testsuite> <!-- TestOne -->
